<?xml version='1.0' encoding='UTF-8'?>
<testsuite hostname="priyo-81bg" name="todo.data.BijectionSuite" tests="7" errors="0" failures="0" skipped="0" time="0.137" timestamp="2021-10-20T13:44:57">
          <properties>
      <property name="java.specification.version" value="16"/><property name="sun.jnu.encoding" value="UTF-8"/><property name="sun.arch.data.model" value="64"/><property name="bootstrap.mainClass" value="xsbt.boot.Boot"/><property name="java.vendor.url" value="https://adoptopenjdk.net/"/><property name="sun.boot.library.path" value="/home/priyoi/.asdf/installs/java/adoptopenjdk-16.0.1+9/lib"/><property name="sun.java.command" value="/home/priyoi/.local/share/coursier/bin/sbt"/><property name="jdk.debug" value="release"/><property name="java.specification.vendor" value="Oracle Corporation"/><property name="java.version.date" value="2021-04-20"/><property name="java.home" value="/home/priyoi/.asdf/installs/java/adoptopenjdk-16.0.1+9"/><property name="file.separator" value="/"/><property name="java.vm.compressedOopsMode" value="Zero based"/><property name="line.separator" value="
"/><property name="java.specification.name" value="Java Platform API Specification"/><property name="java.vm.specification.vendor" value="Oracle Corporation"/><property name="sun.management.compiler" value="HotSpot 64-Bit Tiered Compilers"/><property name="java.runtime.version" value="16.0.1+9"/><property name="user.name" value="priyoi"/><property name="log4j.ignoreTCL" value="true"/><property name="file.encoding" value="UTF-8"/><property name="jnidispatch.path" value="/home/priyoi/.cache/JNA/temp/jna8606018856347315562.tmp"/><property name="java.vendor.version" value="AdoptOpenJDK-16.0.1+9"/><property name="jna.loaded" value="true"/><property name="java.io.tmpdir" value="/tmp"/><property name="java.version" value="16.0.1"/><property name="java.vm.specification.name" value="Java Virtual Machine Specification"/><property name="java.library.path" value="/usr/java/packages/lib:/usr/lib64:/lib64:/lib:/usr/lib"/><property name="java.vendor" value="AdoptOpenJDK"/><property name="sun.io.unicode.encoding" value="UnicodeLittle"/><property name="java.class.path" value="/home/priyoi/.local/share/coursier/bin/sbt:/home/priyoi/.cache/coursier/v1/https/repo1.maven.org/maven2/io/get-coursier/sbt/sbt-runner/0.2.0/sbt-runner-0.2.0.jar:/home/priyoi/.cache/coursier/v1/https/repo1.maven.org/maven2/org/scala-sbt/sbt-launch/1.5.3/sbt-launch-1.5.3.jar"/><property name="java.vm.vendor" value="AdoptOpenJDK"/><property name="coursier.mainJar" value="/home/priyoi/.local/share/coursier/bin/sbt"/><property name="jline.shutdownhook" value="false"/><property name="user.timezone" value="Asia/Dhaka"/><property name="java.vm.specification.version" value="16"/><property name="os.name" value="Linux"/><property name="sun.java.launcher" value="SUN_STANDARD"/><property name="user.country" value="US"/><property name="sun.cpu.endian" value="little"/><property name="user.home" value="/home/priyoi"/><property name="user.language" value="en"/><property name="swoval.tmpdir" value="/home/priyoi/.sbt/1.0"/><property name="jline.esc.timeout" value="0"/><property name="path.separator" value=":"/><property name="os.version" value="5.14.10-1-MANJARO"/><property name="jna.nosys" value="true"/><property name="java.runtime.name" value="OpenJDK Runtime Environment"/><property name="java.vm.name" value="OpenJDK 64-Bit Server VM"/><property name="jna.platform.library.path" value="/usr/lib64:/lib64:/usr/lib:/lib:/usr/lib32:/usr/lib/openmpi:/usr/lib/libfakeroot"/><property name="java.vendor.url.bug" value="https://github.com/AdoptOpenJDK/openjdk-support/issues"/><property name="sbt-launch.version" value="1.5.3"/><property name="user.dir" value="/home/priyoi/Files/Coursera/todo"/><property name="os.arch" value="amd64"/><property name="java.vm.info" value="mixed mode, sharing"/><property name="java.vm.version" value="16.0.1+9"/><property name="java.class.version" value="60.0"/>
    </properties>
          <testcase classname="todo.data.BijectionSuite" name="Task" time="0.122">
                      
                    </testcase><testcase classname="todo.data.BijectionSuite" name="Task-1" time="0.008">
                      
                    </testcase><testcase classname="todo.data.BijectionSuite" name="Tag" time="0.0">
                      
                    </testcase><testcase classname="todo.data.BijectionSuite" name="State:Active" time="0.0">
                      
                    </testcase><testcase classname="todo.data.BijectionSuite" name="State:Completed" time="0.001">
                      
                    </testcase><testcase classname="todo.data.BijectionSuite" name="Id" time="0.001">
                      
                    </testcase><testcase classname="todo.data.BijectionSuite" name="Tasks" time="0.005">
                      
                    </testcase>
          <system-out><![CDATA[]]></system-out>
          <system-err><![CDATA[]]></system-err>
        </testsuite>